[2018-10-31 10:48:24,559][Thread-17:17692][task_id:django.request][base.py:152][WARNING][Not Found: /pixel]
[2018-11-01 15:02:09,278][Thread-4:14700][task_id:user_center.views][views.py:69][DEBUG][用户：zhenglisai, 获取token验证失败,用户名或密码错误]
[2018-11-01 15:02:31,832][Thread-5:17744][task_id:user_center.views][views.py:66][DEBUG][用户：zhenglisai, 创建token成功]
[2018-11-01 15:02:36,091][Thread-6:18108][task_id:user_center.views][views.py:37][DEBUG][用户：zhenglisai, 登陆成功]
[2018-11-01 16:37:26,292][Thread-3:13116][task_id:user_center.views][views.py:66][DEBUG][用户：zhenglisai, 创建token成功]
[2018-11-01 16:37:31,058][Thread-4:15740][task_id:user_center.views][views.py:37][DEBUG][用户：zhenglisai, 登陆成功]
[2018-11-01 16:40:15,417][Thread-3:18024][task_id:user_center.views][views.py:37][DEBUG][用户：zhenglisai, 登陆成功]
[2018-11-01 16:40:26,094][Thread-6:15860][task_id:django.request][base.py:152][WARNING][Not Found: /user_manage/]
[2018-11-01 16:40:26,197][Thread-7:15612][task_id:django.request][base.py:152][WARNING][Not Found: /favicon.ico]
[2018-11-01 16:46:30,089][Thread-9:5888][task_id:user_center.views][views.py:115][DEBUG][用户：user, 添加成功]
[2018-11-01 16:47:06,892][Thread-13:12196][task_id:user_center.views][views.py:131][DEBUG][用户：user, 删除成功]
[2018-11-01 16:55:07,641][Thread-3:19288][task_id:user_center.views][views.py:66][DEBUG][用户：zhenglisai, 创建token成功]
[2018-11-01 16:55:11,707][Thread-4:19332][task_id:user_center.views][views.py:37][DEBUG][用户：zhenglisai, 登陆成功]
[2018-11-01 17:16:21,592][Thread-25:18888][task_id:user_center.views][views.py:66][DEBUG][用户：admin, 创建token成功]
[2018-11-01 17:16:26,612][Thread-26:19396][task_id:user_center.views][views.py:37][DEBUG][用户：admin, 登陆成功]
[2018-11-01 17:19:24,559][Thread-4:18564][task_id:user_center.views][views.py:69][DEBUG][用户：zhenglisai, 获取token验证失败,用户名或密码错误]
[2018-11-01 17:19:29,056][Thread-5:18324][task_id:user_center.views][views.py:66][DEBUG][用户：zhenglisai, 创建token成功]
[2018-11-01 17:19:32,627][Thread-6:17920][task_id:user_center.views][views.py:41][DEBUG][用户：zhenglisai, 用户名或密码错误]
[2018-11-01 17:19:41,540][Thread-7:4020][task_id:user_center.views][views.py:37][DEBUG][用户：zhenglisai, 登陆成功]
[2018-11-01 17:20:56,028][Thread-4:18936][task_id:user_center.views][views.py:66][DEBUG][用户：admin, 创建token成功]
[2018-11-01 17:21:01,711][Thread-5:19164][task_id:user_center.views][views.py:37][DEBUG][用户：admin, 登陆成功]
[2018-11-02 09:00:46,204][Thread-7:17008][task_id:user_center.views][views.py:138][DEBUG][用户：zheng, 添加失败：密码位数小于8位]
[2018-11-02 09:01:19,898][Thread-10:13748][task_id:user_center.views][views.py:138][DEBUG][用户：zheng, 添加失败：密码未包含小写字母]
[2018-11-02 09:01:51,947][Thread-12:19256][task_id:user_center.views][views.py:138][DEBUG][用户：zheng, 添加失败：密码未包含大写字母]
[2018-11-02 09:02:12,707][Thread-14:17328][task_id:user_center.views][views.py:147][DEBUG][用户：zheng, 添加成功]
[2018-11-02 09:02:31,677][Thread-18:2356][task_id:user_center.views][views.py:167][DEBUG][用户：zheng, 删除成功]
[2018-11-02 09:30:57,940][Thread-14:2692][task_id:user_center.views][views.py:87][DEBUG][用户：zhenglisai, 创建token成功]
[2018-11-02 09:31:01,881][Thread-15:10180][task_id:user_center.views][views.py:62][DEBUG][用户：zhenglisai, 用户名或密码错误]
[2018-11-02 09:31:10,184][Thread-16:6184][task_id:user_center.views][views.py:58][DEBUG][用户：zhenglisai, 登陆成功]
